<?xml version="1.0" encoding="UTF-8"?>
<!-- Generated by org.testng.reporters.JUnitReportReporter -->
<testsuite hostname="zzy-PC" name="com.test.pmc.testcase.LoginTest" tests="2" failures="0" timestamp="9 Jul 2015 01:06:43 GMT" time="4.643" errors="0">
  <testcase name="testLogin" time="4.324" classname="com.test.pmc.testcase.LoginTest"/>
  <testcase name="testLogout" time="0.319" classname="com.test.pmc.testcase.LoginTest"/>
</testsuite> <!-- com.test.pmc.testcase.LoginTest -->
